<?xml version="1.0" encoding="UTF-8"?>
<robot generator="Robot 3.2.2 (Python 3.9.6 on win32)" generated="20210705 11:48:14.961" rpa="false">
<suite id="s1" name="FirstSuite" source="C:\Users\PC\eclipse-workspace2\Test\tests\FirstSuite.robot">
<test id="s1-t1" name="MyFirstTest">
<kw name="Log" library="BuiltIn">
<doc>Logs the given message with the given level.</doc>
<arguments>
<arg>Hello World...</arg>
</arguments>
<msg timestamp="20210705 11:48:15.391" level="INFO">Hello World...</msg>
<status status="PASS" starttime="20210705 11:48:15.391" endtime="20210705 11:48:15.391"></status>
</kw>
<tags>
<tag>smoke</tag>
</tags>
<status status="PASS" starttime="20210705 11:48:15.391" endtime="20210705 11:48:15.391" critical="yes"></status>
</test>
<status status="PASS" starttime="20210705 11:48:14.961" endtime="20210705 11:48:15.391"></status>
</suite>
<statistics>
<total>
<stat pass="1" fail="0">Critical Tests</stat>
<stat pass="1" fail="0">All Tests</stat>
</total>
<tag>
<stat pass="1" fail="0">smoke</stat>
</tag>
<suite>
<stat pass="1" fail="0" id="s1" name="FirstSuite">FirstSuite</stat>
</suite>
</statistics>
<errors>
</errors>
</robot>
